<?xml version="1.0" encoding="UTF-8"?>
<testsuite xmlns:xsi="http://www.w3.org/2001/XMLSchema-instance" xsi:noNamespaceSchemaLocation="https://maven.apache.org/surefire/maven-surefire-plugin/xsd/surefire-test-report.xsd" version="3.0.2" name="eci.edu.dosw.parcial.ApplicationTests" time="3.857" tests="1" errors="0" skipped="0" failures="0">
  <properties>
[...]
</properties>
  <testcase name="contextLoads" classname="eci.edu.dosw.parcial.ApplicationTests" time="1.169">
    <system-out><![CDATA[12:01:28.572 [main] INFO org.springframework.test.context.support.AnnotationConfigContextLoaderUtils -- Could not detect default configuration classes for test class [eci.edu.dosw.parcial.ApplicationTests]: ApplicationTests does not declare any static, non-private, non-final, nested classes annotated with @Configuration.
12:01:28.894 [main] INFO org.springframework.boot.test.context.SpringBootTestContextBootstrapper -- Found @SpringBootConfiguration eci.edu.dosw.parcial.Application for test class eci.edu.dosw.parcial.ApplicationTests

  .   ____          _            __ _ _
 /\\ / ___'_ __ _ _(_)_ __  __ _ \ \ \ \
( ( )\___ | '_ | '_| | '_ \/ _` | \ \ \ \
 \\/  ___)| |_)| | | | | || (_| |  ) ) ) )
  '  |____| .__|_| |_|_| |_\__, | / / / /
 =========|_|==============|___/=/_/_/_/

 :: Spring Boot ::       (v4.0.0-SNAPSHOT)

2025-09-12T12:01:29.998-05:00  INFO 18884 --- [Parcial-Corte-1-CVDS-DOSW] [           main] eci.edu.dosw.parcial.ApplicationTests    : Starting ApplicationTests using Java 21.0.7 with PID 18884 (started by NIKOL in C:\Users\NIKOL\Desktop\Parcial-Corte-1-CVDS-DOSW)
2025-09-12T12:01:29.999-05:00  INFO 18884 --- [Parcial-Corte-1-CVDS-DOSW] [           main] eci.edu.dosw.parcial.ApplicationTests    : No active profile set, falling back to 1 default profile: "default"
2025-09-12T12:01:30.664-05:00  INFO 18884 --- [Parcial-Corte-1-CVDS-DOSW] [           main] eci.edu.dosw.parcial.ApplicationTests    : Started ApplicationTests in 1.342 seconds (process running for 3.923)
]]></system-out>
    <system-err><![CDATA[Mockito is currently self-attaching to enable the inline-mock-maker. This will no longer work in future releases of the JDK. Please add Mockito as an agent to your build as described in Mockito's documentation: https://javadoc.io/doc/org.mockito/mockito-core/latest/org.mockito/org/mockito/Mockito.html#0.3
WARNING: A Java agent has been loaded dynamically (C:\Users\NIKOL\.m2\repository\net\bytebuddy\byte-buddy-agent\1.17.7\byte-buddy-agent-1.17.7.jar)
WARNING: If a serviceability tool is in use, please run with -XX:+EnableDynamicAgentLoading to hide this warning
WARNING: If a serviceability tool is not in use, please run with -Djdk.instrument.traceUsage for more information
WARNING: Dynamic loading of agents will be disallowed by default in a future release
]]></system-err>
  </testcase>
</testsuite>